[I 2022-11-08 15:48:32.993 ServerApp] jupyterlab | extension was successfully linked.
[I 2022-11-08 15:48:33.003 ServerApp] nbclassic | extension was successfully linked.
[I 2022-11-08 15:48:33.399 LabApp] JupyterLab extension loaded from /users/stevensonb/.conda/envs/cmb-s4/lib/python3.8/site-packages/jupyterlab
[I 2022-11-08 15:48:33.399 LabApp] JupyterLab application directory is /users/stevensonb/.conda/envs/cmb-s4/share/jupyter/lab
[I 2022-11-08 15:48:33.403 ServerApp] jupyterlab | extension was successfully loaded.
[I 2022-11-08 15:48:37.008 ServerApp] nbclassic | extension was successfully loaded.
[I 2022-11-08 15:48:37.009 ServerApp] Serving notebooks from local directory: /users/stevensonb/Research/DALI
[I 2022-11-08 15:48:37.009 ServerApp] Jupyter Server 1.13.5 is running at:
[I 2022-11-08 15:48:37.009 ServerApp] http://b119:8888/?token=418f738ce9e31a3dd77d0fa75546326258be70e2b526f5a2
[I 2022-11-08 15:48:37.009 ServerApp]  or http://127.0.0.1:8888/?token=418f738ce9e31a3dd77d0fa75546326258be70e2b526f5a2
[I 2022-11-08 15:48:37.009 ServerApp] Use Control-C to stop this server and shut down all kernels (twice to skip confirmation).
[C 2022-11-08 15:48:37.050 ServerApp] 
    
    To access the server, open this file in a browser:
        file:///users/stevensonb/.local/share/jupyter/runtime/jpserver-29653-open.html
    Or copy and paste one of these URLs:
        http://b119:8888/?token=418f738ce9e31a3dd77d0fa75546326258be70e2b526f5a2
     or http://127.0.0.1:8888/?token=418f738ce9e31a3dd77d0fa75546326258be70e2b526f5a2
srun: Job step aborted: Waiting up to 32 seconds for job step to finish.
slurmstepd: error: *** JOB 38535271 ON b119 CANCELLED AT 2022-11-09T03:48:38 DUE TO TIME LIMIT ***
slurmstepd: error: *** STEP 38535271.0 ON b119 CANCELLED AT 2022-11-09T03:48:38 DUE TO TIME LIMIT ***
[C 2022-11-09 03:48:38.936 ServerApp] received signal 15, stopping
